#
# There is insufficient memory for the Java Runtime Environment to continue.
# Native memory allocation (mmap) failed to map 134217728 bytes for Failed to commit area from 0x0000000081800000 to 0x0000000089800000 of length 134217728.
# Possible reasons:
#   The system is out of physical RAM or swap space
#   The process is running with CompressedOops enabled, and the Java Heap may be blocking the growth of the native heap
# Possible solutions:
#   Reduce memory load on the system
#   Increase physical memory or swap space
#   Check if swap backing store is full
#   Decrease Java heap size (-Xmx/-Xms)
#   Decrease number of Java threads
#   Decrease Java thread stack sizes (-Xss)
#   Set larger code cache with -XX:ReservedCodeCacheSize=
# This output file may be truncated or incomplete.
#
#  Out of Memory Error (./src/hotspot/os/windows/os_windows.cpp:3387), pid=12504, tid=11416
#
# JRE version:  (11.0.14.1+1) (build )
# Java VM: OpenJDK 64-Bit Server VM (11.0.14.1+1, mixed mode, sharing, tiered, compressed oops, g1 gc, windows-amd64)
# No core dump will be written. Minidumps are not enabled by default on client versions of Windows
#

---------------  S U M M A R Y ------------

Command Line: -Dfile.encoding=UTF-8 

Host: AMD Ryzen 5 2600X Six-Core Processor           , 12 cores, 7G,  Windows 10 , 64 bit Build 19041 (10.0.19041.4957)
Time: Mon Oct 28 21:14:39 2024 Алтайское стандартное время elapsed time: 0.147107 seconds (0d 0h 0m 0s)

---------------  T H R E A D  ---------------

Current thread (0x000001a14ef73800):  JavaThread "Unknown thread" [_thread_in_vm, id=11416, stack(0x000000721da00000,0x000000721db00000)]

Stack: [0x000000721da00000,0x000000721db00000]
Native frames: (J=compiled Java code, j=interpreted, Vv=VM code, C=native code)
V  [jvm.dll+0x61e59a]
V  [jvm.dll+0x7aaca9]
V  [jvm.dll+0x7ac398]
V  [jvm.dll+0x7aca73]
V  [jvm.dll+0x24f9b8]
V  [jvm.dll+0x61b83a]
V  [jvm.dll+0x6100c5]
V  [jvm.dll+0x30772c]
V  [jvm.dll+0x3075b2]
V  [jvm.dll+0x30c2d6]
V  [jvm.dll+0x35272f]
V  [jvm.dll+0x352160]
V  [jvm.dll+0x2e4728]
V  [jvm.dll+0x2e5886]
V  [jvm.dll+0x784b07]
V  [jvm.dll+0x78628f]
V  [jvm.dll+0x35f479]
V  [jvm.dll+0x767aa0]
V  [jvm.dll+0x3ccf1f]
V  [jvm.dll+0x3cf2b1]
C  [jli.dll+0x5207]
C  [ucrtbase.dll+0x21bb2]
C  [KERNEL32.DLL+0x17374]
C  [ntdll.dll+0x4cc91]


---------------  P R O C E S S  ---------------

Threads class SMR info:
_java_thread_list=0x000001a14ed837c0, length=0, elements={
}

Java Threads: ( => current thread )

Other Threads:
  0x000001a14ef8a000 GCTaskThread "GC Thread#0" [stack: 0x000000721db00000,0x000000721dc00000] [id=13504]
  0x000001a14efbc800 ConcurrentGCThread "G1 Main Marker" [stack: 0x000000721dc00000,0x000000721dd00000] [id=13088]
  0x000001a14efbe000 ConcurrentGCThread "G1 Conc#0" [stack: 0x000000721dd00000,0x000000721de00000] [id=18368]

[error occurred during error reporting (printing all threads), id 0xc0000005, EXCEPTION_ACCESS_VIOLATION (0xc0000005) at pc=0x00007ff8b3393ef7]

VM state:not at safepoint (not fully initialized)

VM Mutex/Monitor currently owned by a thread:  ([mutex/lock_event])
[0x000001a14ef6fcd0] Heap_lock - owner thread: 0x000001a14ef73800

Heap address: 0x0000000081800000, size: 2024 MB, Compressed Oops mode: Non-zero based: 0x0000000081800000
Narrow klass base: 0x0000000000000000, Narrow klass shift: 0

GC Heap History (0 events):
No events

Deoptimization events (0 events):
No events

Classes redefined (0 events):
No events

Internal exceptions (0 events):
No events

Events (1 events):
Event: 0.135 Loaded shared library A:\Game\2022.3.18f1\Editor\Data\PlaybackEngines\AndroidPlayer\OpenJDK\bin\zip.dll


Dynamic libraries:
0x00007ff7cd480000 - 0x00007ff7cd48d000 	A:\Game\2022.3.18f1\Editor\Data\PlaybackEngines\AndroidPlayer\OpenJDK\bin\java.exe
0x00007ff972130000 - 0x00007ff972328000 	C:\Windows\SYSTEM32\ntdll.dll
0x00007ff971ff0000 - 0x00007ff9720b2000 	C:\Windows\System32\KERNEL32.DLL
0x00007ff96f8f0000 - 0x00007ff96fbee000 	C:\Windows\System32\KERNELBASE.dll
0x00007ff96ff00000 - 0x00007ff970000000 	C:\Windows\System32\ucrtbase.dll
0x00007ff8e05e0000 - 0x00007ff8e05f5000 	A:\Game\2022.3.18f1\Editor\Data\PlaybackEngines\AndroidPlayer\OpenJDK\bin\VCRUNTIME140.dll
0x00007ff8de540000 - 0x00007ff8de557000 	A:\Game\2022.3.18f1\Editor\Data\PlaybackEngines\AndroidPlayer\OpenJDK\bin\jli.dll
0x00007ff970500000 - 0x00007ff97069d000 	C:\Windows\System32\USER32.dll
0x00007ff96f8c0000 - 0x00007ff96f8e2000 	C:\Windows\System32\win32u.dll
0x00007ff960b30000 - 0x00007ff960dca000 	C:\Windows\WinSxS\amd64_microsoft.windows.common-controls_6595b64144ccf1df_6.0.19041.4355_none_60b8b9eb71f62e16\COMCTL32.dll
0x00007ff971df0000 - 0x00007ff971e1b000 	C:\Windows\System32\GDI32.dll
0x00007ff9710d0000 - 0x00007ff97116e000 	C:\Windows\System32\msvcrt.dll
0x00007ff96fbf0000 - 0x00007ff96fd07000 	C:\Windows\System32\gdi32full.dll
0x00007ff970030000 - 0x00007ff9700cd000 	C:\Windows\System32\msvcp_win.dll
0x00007ff9701e0000 - 0x00007ff97020f000 	C:\Windows\System32\IMM32.DLL
0x00007ff8ddf60000 - 0x00007ff8ddffb000 	A:\Game\2022.3.18f1\Editor\Data\PlaybackEngines\AndroidPlayer\OpenJDK\bin\msvcp140.dll
0x00007ff8b30a0000 - 0x00007ff8b3c21000 	A:\Game\2022.3.18f1\Editor\Data\PlaybackEngines\AndroidPlayer\OpenJDK\bin\server\jvm.dll
0x00007ff971320000 - 0x00007ff9713d2000 	C:\Windows\System32\ADVAPI32.dll
0x00007ff971d50000 - 0x00007ff971df0000 	C:\Windows\System32\sechost.dll
0x00007ff971c20000 - 0x00007ff971d43000 	C:\Windows\System32\RPCRT4.dll
0x00007ff970000000 - 0x00007ff970027000 	C:\Windows\System32\bcrypt.dll
0x00007ff971fd0000 - 0x00007ff971fd8000 	C:\Windows\System32\PSAPI.DLL
0x00007ff96ce20000 - 0x00007ff96ce29000 	C:\Windows\SYSTEM32\WSOCK32.dll
0x00007ff9642d0000 - 0x00007ff9642f7000 	C:\Windows\SYSTEM32\WINMM.dll
0x00007ff9671f0000 - 0x00007ff9671fa000 	C:\Windows\SYSTEM32\VERSION.dll
0x00007ff971bb0000 - 0x00007ff971c1b000 	C:\Windows\System32\WS2_32.dll
0x00007ff96d640000 - 0x00007ff96d652000 	C:\Windows\SYSTEM32\kernel.appcore.dll
0x00007ff93ed80000 - 0x00007ff93ed90000 	A:\Game\2022.3.18f1\Editor\Data\PlaybackEngines\AndroidPlayer\OpenJDK\bin\verify.dll
0x00007ff9587a0000 - 0x00007ff958984000 	C:\Windows\SYSTEM32\DBGHELP.DLL
0x00007ff958760000 - 0x00007ff958794000 	C:\Windows\SYSTEM32\dbgcore.DLL
0x00007ff96fe70000 - 0x00007ff96fef2000 	C:\Windows\System32\bcryptPrimitives.dll
0x00007ff8de510000 - 0x00007ff8de538000 	A:\Game\2022.3.18f1\Editor\Data\PlaybackEngines\AndroidPlayer\OpenJDK\bin\java.dll
0x00007ff931700000 - 0x00007ff93170a000 	A:\Game\2022.3.18f1\Editor\Data\PlaybackEngines\AndroidPlayer\OpenJDK\bin\jimage.dll
0x00007ff8ddb10000 - 0x00007ff8ddb28000 	A:\Game\2022.3.18f1\Editor\Data\PlaybackEngines\AndroidPlayer\OpenJDK\bin\zip.dll

dbghelp: loaded successfully - version: 4.0.5 - missing functions: none
symbol engine: initialized successfully - sym options: 0x614 - pdb path: .;A:\Game\2022.3.18f1\Editor\Data\PlaybackEngines\AndroidPlayer\OpenJDK\bin;C:\Windows\SYSTEM32;C:\Windows\WinSxS\amd64_microsoft.windows.common-controls_6595b64144ccf1df_6.0.19041.4355_none_60b8b9eb71f62e16;A:\Game\2022.3.18f1\Editor\Data\PlaybackEngines\AndroidPlayer\OpenJDK\bin\server

VM Arguments:
jvm_args: -Dfile.encoding=UTF-8 
java_command: <unknown>
java_class_path (initial): <not set>
Launcher Type: SUN_STANDARD

[Global flags]
     intx CICompilerCount                          = 4                                         {product} {ergonomic}
     uint ConcGCThreads                            = 3                                         {product} {ergonomic}
     uint G1ConcRefinementThreads                  = 10                                        {product} {ergonomic}
   size_t G1HeapRegionSize                         = 1048576                                   {product} {ergonomic}
    uintx GCDrainStackTargetSize                   = 64                                        {product} {ergonomic}
   size_t InitialHeapSize                          = 134217728                                 {product} {ergonomic}
   size_t MarkStackSize                            = 4194304                                   {product} {ergonomic}
   size_t MaxHeapSize                              = 2122317824                                {product} {ergonomic}
   size_t MinHeapDeltaBytes                        = 1048576                                   {product} {ergonomic}
    uintx NonNMethodCodeHeapSize                   = 5836300                                {pd product} {ergonomic}
    uintx NonProfiledCodeHeapSize                  = 122910970                              {pd product} {ergonomic}
    uintx ProfiledCodeHeapSize                     = 122910970                              {pd product} {ergonomic}
    uintx ReservedCodeCacheSize                    = 251658240                              {pd product} {ergonomic}
     bool SegmentedCodeCache                       = true                                      {product} {ergonomic}
     bool UseCompressedClassPointers               = true                                 {lp64_product} {ergonomic}
     bool UseCompressedOops                        = true                                 {lp64_product} {ergonomic}
     bool UseG1GC                                  = true                                      {product} {ergonomic}
     bool UseLargePagesIndividualAllocation        = false                                  {pd product} {ergonomic}

Logging:
Log output configuration:
 #0: stdout all=warning uptime,level,tags
 #1: stderr all=off uptime,level,tags

Environment Variables:
JAVA_HOME=C:\Program Files\java\jdk-13.0.2
JAVA_TOOL_OPTIONS=-Dfile.encoding=UTF-8
PATH=C:\Program Files\Common Files\Oracle\Java\javapath;C:\Program Files (x86)\Common Files\Oracle\Java\javapath;C:\Windows\system32;C:\Windows;C:\Windows\System32\Wbem;C:\Windows\System32\WindowsPowerShell\v1.0\;C:\Windows\System32\OpenSSH\;C:\Program Files (x86)\dotnet\;C:\Program Files\dotnet\;C:\Program Files\java\jdk-13.0.2\bin;C:\Program Files\Git\cmd;C:\Program Files (x86)\Windows Live\Shared;C:\Users\baraf\AppData\Local\Microsoft\WindowsApps;C:\Users\baraf\AppData\Local\Programs\Microsoft VS Code\bin;C:\Users\baraf\AppData\Local\gitkraken\bin
USERNAME=baraf
OS=Windows_NT
PROCESSOR_IDENTIFIER=AMD64 Family 23 Model 8 Stepping 2, AuthenticAMD



---------------  S Y S T E M  ---------------

OS: Windows 10 , 64 bit Build 19041 (10.0.19041.4957)
OS uptime: 0 days 7:10 hours

CPU:total 12 (initial active 12) (12 cores per cpu, 2 threads per core) family 23 model 8 stepping 2 microcode 0x0, cmov, cx8, fxsr, mmx, sse, sse2, sse3, ssse3, sse4.1, sse4.2, popcnt, avx, avx2, aes, clmul, mmxext, 3dnowpref, lzcnt, sse4a, ht, tsc, tscinvbit, tscinv, bmi1, bmi2, adx, sha, fma

Memory: 4k page, system-wide physical 8094M (889M free)
TotalPageFile size 12800M (AvailPageFile size 113M)
current process WorkingSet (physical memory assigned to process): 10M, peak: 10M
current process commit charge ("private bytes"): 64M, peak: 192M

vm_info: OpenJDK 64-Bit Server VM (11.0.14.1+1) for windows-amd64 JRE (11.0.14.1+1), built on Feb  9 2022 01:48:27 by "" with unknown MS VC++:1916

END.
